D18|IOBD_300_376|BANK0|DIFFIO_B0_26P|||
H13|IOBD_248_376|BANK0|DIFFIO_B0_17P|phy_rxd3|input|YES
C5|IOBD_64_376|BANK0|DIFFIO_B0_9P|LED[4]|output|YES
C3|IOBD_8_376|BANK0|DIFFIO_B0_0P/IO_STAUS_C|||
D17|IOBD_320_376|BANK0|DIFFIO_B0_30P|phy_txd1|output|YES
B20|IOBD_316_376|BANK0|DIFFIO_B0_29P|||
C19|IOBD_312_376|BANK0|DIFFIO_B0_28P|||
B18|IOBD_308_376|BANK0|DIFFIO_B0_27P|phy_tx_en|output|YES
G16|IOBD_296_376|BANK0|DIFFIO_B0_25P|l0_sgmii_clk_shft|output|YES
C17|IOBD_292_376|BANK0|DIFFIO_B0_24P|||
H14|IOBD_288_376|BANK0|DIFFIO_B0_23P|||
E16|IOBD_244_376|BANK0|DIFFIO_B0_16P/GCLK13/PLL1_CLK6|||
F14|IOBD_240_376|BANK0|DIFFIO_B0_15P/GCLK15/PLL1_CLK4|rx_clki|input|YES
H12|IOBD_224_376|BANK0|DIFFIO_B0_14P/GCLK17/PLL1_CLK2|tx_disable[0]|output|YES
G9|IOBD_220_376|BANK0|DIFFIO_B0_13P/GCLK19/PLL1_CLK0|||
H10|IOBD_72_376|BANK0|DIFFIO_B0_11P|phy_rxd0|input|YES
G8|IOBD_68_376|BANK0|DIFFIO_B0_10P|i2c0_sda|inout|YES
F7|IOBD_44_376|BANK0|DIFFIO_B0_7P|LED[6]|output|YES
C4|IOBD_40_376|BANK0|DIFFIO_B0_6P|||
B3|IOBD_32_376|BANK0|DIFFIO_B0_4P|LED[2]|output|YES
E5|IOBD_20_376|BANK0|DIFFIO_B0_3P|||
B2|IOBD_16_376|BANK0|DIFFIO_B0_2P|LED[0]|output|YES
D4|IOBD_12_376|BANK0|DIFFIO_B0_1P|||
C18|IOBS_TB_321_376|BANK0|DIFFIO_B0_30N|phy_txd2|output|YES
A20|IOBS_TB_317_376|BANK0|DIFFIO_B0_29N|||
A19|IOBS_TB_313_376|BANK0|DIFFIO_B0_28N|||
A18|IOBS_TB_309_376|BANK0|DIFFIO_B0_27N|phy_txd3|output|YES
F17|IOBS_TB_297_376|BANK0|DIFFIO_B0_25N|phy_txd0|output|YES
A17|IOBS_TB_293_376|BANK0|DIFFIO_B0_24N|||
G15|IOBS_TB_289_376|BANK0|DIFFIO_B0_23N|||
F16|IOBS_TB_245_376|BANK0|DIFFIO_B0_16N/GCLK12/PLL1_CLK7|tx_disable[1]|output|YES
F15|IOBS_TB_241_376|BANK0|DIFFIO_B0_15N/GCLK14/PLL1_CLK5|i2c0_sck|inout|YES
G11|IOBS_TB_225_376|BANK0|DIFFIO_B0_14N/GCLK16/PLL1_CLK3|||
F10|IOBS_TB_221_376|BANK0|DIFFIO_B0_13N/GCLK18/PLL1_CLK1|||
H11|IOBS_TB_73_376|BANK0|DIFFIO_B0_11N|phy_rxd1|input|YES
F9|IOBS_TB_69_376|BANK0|DIFFIO_B0_10N|phy_rx_dv|input|YES
F8|IOBS_TB_45_376|BANK0|DIFFIO_B0_7N|LED[7]|output|YES
A4|IOBS_TB_41_376|BANK0|DIFFIO_B0_6N|||
A3|IOBS_TB_33_376|BANK0|DIFFIO_B0_4N|LED[3]|output|YES
E6|IOBS_TB_21_376|BANK0|DIFFIO_B0_3N|||
A2|IOBS_TB_17_376|BANK0|DIFFIO_B0_2N|LED[1]|output|YES
D5|IOBS_TB_13_376|BANK0|DIFFIO_B0_1N|||
D19|IOBR_TB_301_376|BANK0|DIFFIO_B0_26N/VREF_B0|||
G13|IOBR_TB_249_376|BANK0|DIFFIO_B0_17N/VREF_B0|phy_rxd2|input|YES
A5|IOBR_TB_65_376|BANK0|DIFFIO_B0_9N/VREF_B0|LED[5]|output|YES
D3|IOBR_TB_9_376|BANK0|DIFFIO_B0_0N/VREF_B0|||
V19|IOBS_LR_328_25|BANK1|DIFFI_B1_55P|iic_scl|output|YES
T19|IOBS_LR_328_37|BANK1|DIFFI_B1_54P|||
R17|IOBS_LR_328_41|BANK1|DIFFI_B1_53P|rstn_out|output|YES
P17|IOBS_LR_328_45|BANK1|DIFFI_B1_52P|iic_tx_scl|output|YES
R15|IOBS_LR_328_49|BANK1|DIFFI_B1_51P|||
M17|IOBS_LR_328_109|BANK1|DIFFI_B1_43P|g_out[1]|output|YES
N16|IOBS_LR_328_113|BANK1|DIFFI_B1_42P|||
U19|IOBS_LR_328_117|BANK1|DIFFI_B1_41P|||
M16|IOBS_LR_328_121|BANK1|DIFFI_B1_40P|g_out[3]|output|YES
L15|IOBS_LR_328_133|BANK1|DIFFI_B1_39P|||
Y21|IOBS_LR_328_141|BANK1|DIFFI_B1_37P|hs_out|output|YES
W20|IOBS_LR_328_145|BANK1|DIFFI_B1_36P|vs_out|output|YES
V21|IOBS_LR_328_149|BANK1|DIFFI_B1_35P|b_out[0]|output|YES
U20|IOBS_LR_328_161|BANK1|DIFFI_B1_34P|||
T21|IOBS_LR_328_165|BANK1|DIFFI_B1_33P|b_out[2]|output|YES
R20|IOBS_LR_328_169|BANK1|DIFFI_B1_32P|b_out[4]|output|YES
P21|IOBS_LR_328_173|BANK1|DIFFI_B1_31P|||
N20|IOBS_LR_328_177|BANK1|DIFFI_B1_30P|||
M21|IOBS_LR_328_201|BANK1|DIFFI_B1_29P/XTAL_A|g_out[0]|output|YES
L20|IOBS_LR_328_205|BANK1|DIFFI_B1_28P/GCLK5/PLL2_CLK2/PLL3_CLK2|||
P20|IOBS_LR_328_209|BANK1|DIFFI_B1_27P/GCLK7/PLL2_CLK0/PLL3_CLK0|sys_clk|input|YES
K21|IOBS_LR_328_213|BANK1|DIFFI_B1_26P/GCLK9/PLL1_CLK10/PLL4_CLK2/PLL5_CLK2|||
M20|IOBS_LR_328_217|BANK1|DIFFI_B1_25P/GCLK11/PLL1_CLK8/PLL4_CLK0/PLL5_CLK0|||
J20|IOBS_LR_328_229|BANK1|DIFFI_B1_24P|r_out[3]|output|YES
K20|IOBS_LR_328_233|BANK1|DIFFI_B1_23P|g_out[6]|output|YES
H21|IOBS_LR_328_237|BANK1|DIFFI_B1_22P|r_out[5]|output|YES
K17|IOBS_LR_328_241|BANK1|DIFFI_B1_21P|r_out[0]|output|YES
G20|IOBS_LR_328_245|BANK1|DIFFI_B1_20P|||
K19|IOBS_LR_328_257|BANK1|DIFFI_B1_19P|||
J19|IOBS_LR_328_261|BANK1|DIFFI_B1_18P|||
E20|IOBS_LR_328_265|BANK1|DIFFI_B1_17P|||
F21|IOBS_LR_328_269|BANK1|DIFFI_B1_16P|||
H18|IOBS_LR_328_273|BANK1|DIFFI_B1_15P|||
G19|IOBS_LR_328_285|BANK1|DIFFI_B1_14P|||
C20|IOBS_LR_328_293|BANK1|DIFFI_B1_12P|||
J16|IOBS_LR_328_297|BANK1|DIFFI_B1_11P|||
B21|IOBS_LR_328_361|BANK1|DIFFI_B1_2P|||
H16|IOBS_LR_328_365|BANK1|DIFFI_B1_1P|||
P19|IOBS_LR_328_137|BANK1|DIFFI_B1_38P|b_out[7]|output|YES
D21|IOBS_LR_328_289|BANK1|DIFFI_B1_13P|||
F18|IOBS_LR_328_369|BANK1|DIFFI_B1_0P|||
V20|IOBS_LR_328_24|BANK1|DIFFI_B1_55N/DOUT_BUSY|iic_sda|inout|YES
T18|IOBS_LR_328_36|BANK1|DIFFI_B1_54N|||
T17|IOBS_LR_328_40|BANK1|DIFFI_B1_53N|||
P18|IOBS_LR_328_44|BANK1|DIFFI_B1_52N|iic_tx_sda|inout|YES
R16|IOBS_LR_328_48|BANK1|DIFFI_B1_51N|||
M18|IOBS_LR_328_108|BANK1|DIFFI_B1_43N|g_out[2]|output|YES
P16|IOBS_LR_328_112|BANK1|DIFFI_B1_42N|||
T20|IOBS_LR_328_116|BANK1|DIFFI_B1_41N|||
N15|IOBS_LR_328_120|BANK1|DIFFI_B1_40N|g_out[4]|output|YES
K16|IOBS_LR_328_132|BANK1|DIFFI_B1_39N|||
Y22|IOBS_LR_328_140|BANK1|DIFFI_B1_37N|de_out|output|YES
W22|IOBS_LR_328_144|BANK1|DIFFI_B1_36N|||
V22|IOBS_LR_328_148|BANK1|DIFFI_B1_35N|b_out[1]|output|YES
U22|IOBS_LR_328_160|BANK1|DIFFI_B1_34N|||
T22|IOBS_LR_328_164|BANK1|DIFFI_B1_33N|b_out[3]|output|YES
R22|IOBS_LR_328_168|BANK1|DIFFI_B1_32N|b_out[5]|output|YES
P22|IOBS_LR_328_172|BANK1|DIFFI_B1_31N|||
N22|IOBS_LR_328_176|BANK1|DIFFI_B1_30N|||
M22|IOBS_LR_328_200|BANK1|DIFFI_B1_29N/XTAL_B|pixclk_out|output|YES
L22|IOBS_LR_328_204|BANK1|DIFFI_B1_28N/GCLK4/PLL2_CLK3/PLL3_CLK3|||
N19|IOBS_LR_328_208|BANK1|DIFFI_B1_27N/GCLK6/PLL2_CLK1/PLL3_CLK1|r_out[1]|output|YES
K22|IOBS_LR_328_212|BANK1|DIFFI_B1_26N/GCLK8/PLL1_CLK11/PLL4_CLK3/PLL5_CLK3|r_out[4]|output|YES
M19|IOBS_LR_328_216|BANK1|DIFFI_B1_25N/GCLK10/PLL1_CLK9/PLL4_CLK1/PLL5_CLK1|||
J22|IOBS_LR_328_228|BANK1|DIFFI_B1_24N|r_out[2]|output|YES
L19|IOBS_LR_328_232|BANK1|DIFFI_B1_23N|g_out[5]|output|YES
H22|IOBS_LR_328_236|BANK1|DIFFI_B1_22N|r_out[6]|output|YES
L17|IOBS_LR_328_240|BANK1|DIFFI_B1_21N|g_out[7]|output|YES
G22|IOBS_LR_328_244|BANK1|DIFFI_B1_20N|||
K18|IOBS_LR_328_256|BANK1|DIFFI_B1_19N|rst_key|input|YES
H20|IOBS_LR_328_260|BANK1|DIFFI_B1_18N|||
E22|IOBS_LR_328_264|BANK1|DIFFI_B1_17N|||
F22|IOBS_LR_328_268|BANK1|DIFFI_B1_16N|||
H19|IOBS_LR_328_272|BANK1|DIFFI_B1_15N|r_out[7]|output|YES
F20|IOBS_LR_328_284|BANK1|DIFFI_B1_14N|||
C22|IOBS_LR_328_292|BANK1|DIFFI_B1_12N|||
J17|IOBS_LR_328_296|BANK1|DIFFI_B1_11N|||
B22|IOBS_LR_328_360|BANK1|DIFFI_B1_2N|||
H17|IOBS_LR_328_364|BANK1|DIFFI_B1_1N|||
R19|IOBR_LR_328_136|BANK1|DIFFI_B1_38N/VREF_B1|b_out[6]|output|YES
D22|IOBR_LR_328_288|BANK1|DIFFI_B1_13N/VREF_B1|||
F19|IOBR_LR_328_368|BANK1|DIFFI_B1_0N/VREF_B1|||
U16|IOBD_289_0|BANK2|DIFFIO_B2_47P|||
U14|IOBD_217_0|BANK2|DIFFIO_B2_35P|||
AA10|IOBD_149_0|BANK2|DIFFIO_B2_22P|cmos1_data[6]|input|YES
W9|IOBD_101_0|BANK2|DIFFIO_B2_15P/D7|||
Y20|IOBD_321_0|BANK2|DIFFIO_B2_54P/CFG_CLK|spi0_clk|output|YES
V17|IOBD_317_0|BANK2|DIFFIO_B2_53P|||
AA20|IOBD_313_0|BANK2|DIFFIO_B2_52P/D0|||
W17|IOBD_281_0|BANK2|DIFFIO_B2_46P|g_in[7]|input|YES
AA14|IOBD_273_0|BANK2|DIFFIO_B2_45P|r_in[4]|input|YES
R13|IOBD_245_0|BANK2|DIFFIO_B2_39P/D1|||
Y19|IOBD_241_0|BANK2|DIFFIO_B2_38P/MODE1|||
AA18|IOBD_225_0|BANK2|DIFFIO_B2_37P/D11|g_in[4]|input|YES
Y17|IOBD_221_0|BANK2|DIFFIO_B2_36P|||
Y16|IOBD_213_0|BANK2|DIFFIO_B2_34P|b_in[4]|input|YES
V13|IOBD_209_0|BANK2|DIFFIO_B2_33P|||
AA16|IOBD_201_0|BANK2|DIFFIO_B2_32P|b_in[6]|input|YES
W14|IOBD_197_0|BANK2|DIFFIO_B2_31P|r_in[6]|input|YES
Y15|IOBD_189_0|BANK2|DIFFIO_B2_30P|||
R11|IOBD_185_0|BANK2|DIFFIO_B2_29P|cmos1_data[3]|input|YES
T15|IOBD_181_0|BANK2|DIFFIO_B2_28P|||
T12|IOBD_169_0|BANK2|DIFFIO_B2_27P/GCLK3/PLL4_CLK11/PLL5_CLK11|cmos1_pclk|input|YES
Y13|IOBD_165_0|BANK2|DIFFIO_B2_26P/GCLK1/PLL4_CLK9/PLL5_CLK9/D13|cmos1_sda|inout|YES
AA12|IOBD_161_0|BANK2|DIFFIO_B2_25P/GCLK31/PLL4_CLK7/PLL5_CLK7/D14|pixclk_in|input|YES
Y11|IOBD_157_0|BANK2|DIFFIO_B2_24P/GCLK29/PLL4_CLK5/PLL5_CLK5|cmos1_scl|inout|YES
W12|IOBD_153_0|BANK2|DIFFIO_B2_23P|||
V11|IOBD_133_0|BANK2|DIFFIO_B2_21P|cmos1_data[0]|input|YES
Y9|IOBD_129_0|BANK2|DIFFIO_B2_20P|cmos2_data[6]|input|YES
W10|IOBD_121_0|BANK2|DIFFIO_B2_19P|cmos1_reset|output|YES
AA8|IOBD_117_0|BANK2|DIFFIO_B2_18P|||
T10|IOBD_113_0|BANK2|DIFFIO_B2_17P|cmos2_sda|inout|YES
Y7|IOBD_109_0|BANK2|DIFFIO_B2_16P|||
AA6|IOBD_97_0|BANK2|DIFFIO_B2_14P/D3|||
U9|IOBD_93_0|BANK2|DIFFIO_B2_13P|cmos2_data[3]|input|YES
T8|IOBD_61_0|BANK2|DIFFIO_B2_8P|cmos2_data[2]|input|YES
V7|IOBD_45_0|BANK2|DIFFIO_B2_7P|||
R9|IOBD_41_0|BANK2|DIFFIO_B2_6P|uart_tx|output|YES
W6|IOBD_37_0|BANK2|DIFFIO_B2_5P|cmos2_pclk|input|YES
Y5|IOBD_33_0|BANK2|DIFFIO_B2_4P/D5|cmos2_vsync|input|YES
AA4|IOBD_21_0|BANK2|DIFFIO_B2_3P|||
T7|IOBD_17_0|BANK2|DIFFIO_B2_2P/D8|||
Y4|IOBD_13_0|BANK2|DIFFIO_B2_1P/INIT_FLAG_N|||
AA21|IOBS_TB_320_0|BANK2|DIFFIO_B2_54N/MODE0|||
W18|IOBS_TB_316_0|BANK2|DIFFIO_B2_53N/MFG_TEST_OUT|g_in[2]|input|YES
AB20|IOBS_TB_312_0|BANK2|DIFFIO_B2_52N/CS_N|spi0_mosi|output|YES
Y18|IOBS_TB_280_0|BANK2|DIFFIO_B2_46N|g_in[6]|input|YES
AB14|IOBS_TB_272_0|BANK2|DIFFIO_B2_45N|r_in[5]|input|YES
T14|IOBS_TB_244_0|BANK2|DIFFIO_B2_39N/D2|||
AB19|IOBS_TB_240_0|BANK2|DIFFIO_B2_38N/D10|g_in[3]|input|YES
AB18|IOBS_TB_224_0|BANK2|DIFFIO_B2_37N/D12|g_in[5]|input|YES
AB17|IOBS_TB_220_0|BANK2|DIFFIO_B2_36N|b_in[7]|input|YES
W15|IOBS_TB_212_0|BANK2|DIFFIO_B2_34N|b_in[3]|input|YES
W13|IOBS_TB_208_0|BANK2|DIFFIO_B2_33N|vs_in|input|YES
AB16|IOBS_TB_200_0|BANK2|DIFFIO_B2_32N|b_in[5]|input|YES
Y14|IOBS_TB_196_0|BANK2|DIFFIO_B2_31N|r_in[7]|input|YES
AB15|IOBS_TB_188_0|BANK2|DIFFIO_B2_30N|||
T11|IOBS_TB_184_0|BANK2|DIFFIO_B2_29N|cmos1_data[2]|input|YES
U15|IOBS_TB_180_0|BANK2|DIFFIO_B2_28N|||
U12|IOBS_TB_168_0|BANK2|DIFFIO_B2_27N/GCLK2/PLL4_CLK10/PLL5_CLK10|cmos1_vsync|input|YES
AB13|IOBS_TB_164_0|BANK2|DIFFIO_B2_26N/GCLK0/PLL4_CLK8/PLL5_CLK8/ECCLK|cmos1_data[7]|input|YES
AB12|IOBS_TB_160_0|BANK2|DIFFIO_B2_25N/GCLK30/PLL4_CLK6/PLL5_CLK6/D15|||
AB11|IOBS_TB_156_0|BANK2|DIFFIO_B2_24N/GCLK28/PLL4_CLK4/PLL5_CLK4|cmos1_data[5]|input|YES
Y12|IOBS_TB_152_0|BANK2|DIFFIO_B2_23N|||
W11|IOBS_TB_132_0|BANK2|DIFFIO_B2_21N|cmos1_data[4]|input|YES
AB9|IOBS_TB_128_0|BANK2|DIFFIO_B2_20N|cmos2_data[7]|input|YES
Y10|IOBS_TB_120_0|BANK2|DIFFIO_B2_19N|cmos1_data[1]|input|YES
AB8|IOBS_TB_116_0|BANK2|DIFFIO_B2_18N|cmos2_data[5]|input|YES
U10|IOBS_TB_112_0|BANK2|DIFFIO_B2_17N|||
AB7|IOBS_TB_108_0|BANK2|DIFFIO_B2_16N|||
AB6|IOBS_TB_96_0|BANK2|DIFFIO_B2_14N/D4|||
V9|IOBS_TB_92_0|BANK2|DIFFIO_B2_13N|cmos2_scl|inout|YES
U8|IOBS_TB_60_0|BANK2|DIFFIO_B2_8N|cmos2_data[1]|input|YES
W8|IOBS_TB_44_0|BANK2|DIFFIO_B2_7N|cmos2_data[4]|input|YES
R8|IOBS_TB_40_0|BANK2|DIFFIO_B2_6N|uart_rx|input|YES
Y6|IOBS_TB_36_0|BANK2|DIFFIO_B2_5N|cmos2_data[0]|input|YES
AB5|IOBS_TB_32_0|BANK2|DIFFIO_B2_4N/D6|cmos2_href|input|YES
AB4|IOBS_TB_20_0|BANK2|DIFFIO_B2_3N|cmos2_reset|output|YES
U6|IOBS_TB_16_0|BANK2|DIFFIO_B2_2N/D9|||
AA3|IOBS_TB_12_0|BANK2|DIFFIO_B2_1N/CSO_N|spi0_cs|output|YES
V15|IOBR_TB_288_0|BANK2|DIFFIO_B2_47N/VREF_B2|r_in[3]|input|YES
U13|IOBR_TB_216_0|BANK2|DIFFIO_B2_35N/VREF_B2|de_in|input|YES
AB10|IOBR_TB_148_0|BANK2|DIFFIO_B2_22N/VREF_B2|cmos1_href|input|YES
Y8|IOBR_TB_100_0|BANK2|DIFFIO_B2_15N/RWSEL/VREF_B2|||
R7|IOBS_LR_0_16|BANK3|DIFFI_B3_57P|||
M7|IOBS_LR_0_136|BANK3|DIFFI_B3_38P|mem_dq[6]|inout|YES
K7|IOBS_LR_0_288|BANK3|DIFFI_B3_13P|||
C1|IOBS_LR_0_368|BANK3|DIFFI_B3_0P|mem_rst_n|output|YES
W4|IOBS_LR_0_20|BANK3|DIFFI_B3_56P|mem_ba[1]|output|YES
T6|IOBS_LR_0_24|BANK3|DIFFI_B3_55P|mem_ck|output|YES
V5|IOBS_LR_0_36|BANK3|DIFFI_B3_54P|mem_a[4]|output|YES
P5|IOBS_LR_0_40|BANK3|DIFFI_B3_53P|mem_a[9]|output|YES
AA2|IOBS_LR_0_44|BANK3|DIFFI_B3_52P|||
N6|IOBS_LR_0_92|BANK3|DIFFI_B3_45P|mem_a[0]|output|YES
U4|IOBS_LR_0_112|BANK3|DIFFI_B3_42P|mem_a[8]|output|YES
P6|IOBS_LR_0_116|BANK3|DIFFI_B3_41P|mem_a[2]|output|YES
T3|IOBS_LR_0_120|BANK3|DIFFI_B3_40P|mem_a[14]|output|YES
H4|IOBS_LR_0_132|BANK3|DIFFI_B3_39P|||
Y2|IOBS_LR_0_140|BANK3|DIFFI_B3_37P|mem_dq[3]|inout|YES
W3|IOBS_LR_0_144|BANK3|DIFFI_B3_36P|mem_dm[0]|output|YES
V2|IOBS_LR_0_148|BANK3|DIFFI_B3_35P|mem_dqs[0]|inout|YES
U3|IOBS_LR_0_160|BANK3|DIFFI_B3_34P|mem_dq[1]|inout|YES
T2|IOBS_LR_0_164|BANK3|DIFFI_B3_33P|mem_dq[2]|inout|YES
R3|IOBS_LR_0_168|BANK3|DIFFI_B3_32P|||
P2|IOBS_LR_0_172|BANK3|DIFFI_B3_31P|mem_dq[12]|inout|YES
N3|IOBS_LR_0_176|BANK3|DIFFI_B3_30P|mem_dqs[1]|inout|YES
M2|IOBS_LR_0_200|BANK3|DIFFI_B3_29P/XTAL_B|mem_dq[9]|inout|YES
L3|IOBS_LR_0_204|BANK3|DIFFI_B3_28P/GCLK27/PLL2_CLK7/PLL3_CLK7|mem_dq[13]|inout|YES
P3|IOBS_LR_0_208|BANK3|DIFFI_B3_27P/GCLK25/PLL2_CLK5/PLL3_CLK5|mem_dq[14]|inout|YES
M5|IOBS_LR_0_212|BANK3|DIFFI_B3_26P/GCLK23/PLL1_CLK15/PLL4_CLK7/PLL5_CLK7|||
M3|IOBS_LR_0_216|BANK3|DIFFI_B3_25P/GCLK21/PLL1_CLK13/PLL4_CLK5/PLL5_CLK5|||
M6|IOBS_LR_0_228|BANK3|DIFFI_B3_24P|||
K4|IOBS_LR_0_232|BANK3|DIFFI_B3_23P|||
K2|IOBS_LR_0_236|BANK3|DIFFI_B3_22P|||
J3|IOBS_LR_0_240|BANK3|DIFFI_B3_21P|||
K6|IOBS_LR_0_244|BANK3|DIFFI_B3_20P|||
H2|IOBS_LR_0_256|BANK3|DIFFI_B3_19P|||
J4|IOBS_LR_0_260|BANK3|DIFFI_B3_18P|||
G3|IOBS_LR_0_264|BANK3|DIFFI_B3_17P|||
F2|IOBS_LR_0_268|BANK3|DIFFI_B3_16P|||
E3|IOBS_LR_0_272|BANK3|DIFFI_B3_15P|||
J6|IOBS_LR_0_284|BANK3|DIFFI_B3_14P|||
D2|IOBS_LR_0_292|BANK3|DIFFI_B3_12P|mem_a[7]|output|YES
F3|IOBS_LR_0_296|BANK3|DIFFI_B3_11P|mem_a[3]|output|YES
H6|IOBS_LR_0_356|BANK3|DIFFI_B3_3P|mem_we_n|output|YES
J7|IOBS_LR_0_360|BANK3|DIFFI_B3_2P|mem_ras_n|output|YES
F5|IOBS_LR_0_364|BANK3|DIFFI_B3_1P|mem_ba[0]|output|YES
Y3|IOBS_LR_0_21|BANK3|DIFFI_B3_56N|mem_cke|output|YES
T5|IOBS_LR_0_25|BANK3|DIFFI_B3_55N|mem_ck_n|output|YES
V3|IOBS_LR_0_37|BANK3|DIFFI_B3_54N|mem_a[6]|output|YES
P4|IOBS_LR_0_41|BANK3|DIFFI_B3_53N|mem_a[13]|output|YES
AA1|IOBS_LR_0_45|BANK3|DIFFI_B3_52N|||
N7|IOBS_LR_0_93|BANK3|DIFFI_B3_45N|mem_ba[2]|output|YES
T4|IOBS_LR_0_113|BANK3|DIFFI_B3_42N|mem_a[11]|output|YES
P7|IOBS_LR_0_117|BANK3|DIFFI_B3_41N|mem_a[12]|output|YES
R4|IOBS_LR_0_121|BANK3|DIFFI_B3_40N|mem_a[1]|output|YES
G4|IOBS_LR_0_133|BANK3|DIFFI_B3_39N|||
Y1|IOBS_LR_0_141|BANK3|DIFFI_B3_37N|mem_dq[5]|inout|YES
W1|IOBS_LR_0_145|BANK3|DIFFI_B3_36N|mem_dq[7]|inout|YES
V1|IOBS_LR_0_149|BANK3|DIFFI_B3_35N|mem_dqs_n[0]|inout|YES
U1|IOBS_LR_0_161|BANK3|DIFFI_B3_34N|mem_dq[0]|inout|YES
T1|IOBS_LR_0_165|BANK3|DIFFI_B3_33N|mem_dq[4]|inout|YES
R1|IOBS_LR_0_169|BANK3|DIFFI_B3_32N|mem_dq[10]|inout|YES
P1|IOBS_LR_0_173|BANK3|DIFFI_B3_31N|mem_dq[8]|inout|YES
N1|IOBS_LR_0_177|BANK3|DIFFI_B3_30N|mem_dqs_n[1]|inout|YES
M1|IOBS_LR_0_201|BANK3|DIFFI_B3_29N/XTAL_A|mem_dq[11]|inout|YES
L1|IOBS_LR_0_205|BANK3|DIFFI_B3_28N/GCLK26/PLL2_CLK6/PLL3_CLK6|mem_dm[1]|output|YES
N4|IOBS_LR_0_209|BANK3|DIFFI_B3_27N/GCLK24/PLL2_CLK4/PLL3_CLK4|mem_dq[15]|inout|YES
M4|IOBS_LR_0_213|BANK3|DIFFI_B3_26N/GCLK22/PLL1_CLK14/PLL4_CLK6/PLL5_CLK6|||
L4|IOBS_LR_0_217|BANK3|DIFFI_B3_25N/GCLK20/PLL1_CLK12/PLL4_CLK4/PLL5_CLK4|||
L6|IOBS_LR_0_229|BANK3|DIFFI_B3_24N|||
K3|IOBS_LR_0_233|BANK3|DIFFI_B3_23N|||
K1|IOBS_LR_0_237|BANK3|DIFFI_B3_22N|||
J1|IOBS_LR_0_241|BANK3|DIFFI_B3_21N|||
K5|IOBS_LR_0_245|BANK3|DIFFI_B3_20N|||
H1|IOBS_LR_0_257|BANK3|DIFFI_B3_19N|||
H3|IOBS_LR_0_261|BANK3|DIFFI_B3_18N|||
G1|IOBS_LR_0_265|BANK3|DIFFI_B3_17N|||
F1|IOBS_LR_0_269|BANK3|DIFFI_B3_16N|||
E1|IOBS_LR_0_273|BANK3|DIFFI_B3_15N|||
H5|IOBS_LR_0_285|BANK3|DIFFI_B3_14N|||
D1|IOBS_LR_0_293|BANK3|DIFFI_B3_12N|||
E4|IOBS_LR_0_297|BANK3|DIFFI_B3_11N|mem_a[5]|output|YES
G7|IOBS_LR_0_357|BANK3|DIFFI_B3_3N|mem_odt|output|YES
H8|IOBS_LR_0_361|BANK3|DIFFI_B3_2N|mem_cas_n|output|YES
G6|IOBS_LR_0_365|BANK3|DIFFI_B3_1N|mem_cs_n|output|YES
P8|IOBR_LR_0_17|BANK3|DIFFI_B3_57N/VREF_B3|mem_a[10]|output|YES
M8|IOBR_LR_0_137|BANK3|DIFFI_B3_38N/VREF_B3|||
K8|IOBR_LR_0_289|BANK3|DIFFI_B3_13N/VREF_B3|||
B1|IOBR_LR_0_369|BANK3|DIFFI_B3_0N/VREF_B3|||
